<?xml version="1.0" encoding="UTF-8"?>
<testsuite xmlns:xsi="http://www.w3.org/2001/XMLSchema-instance" xsi:noNamespaceSchemaLocation="https://maven.apache.org/surefire/maven-surefire-plugin/xsd/surefire-test-report-3.0.xsd" version="3.0" name="it.unipi.cross.config.ConfigReaderTest" time="0.296" tests="12" errors="0" skipped="0" failures="0">
  <properties>
[...]
</properties>
  <testcase name="testGetStringForMissingKeyReturnsEmptyString" classname="it.unipi.cross.config.ConfigReaderTest" time="0.071"/>
  <testcase name="testLoadValidConfigFile" classname="it.unipi.cross.config.ConfigReaderTest" time="0.024"/>
  <testcase name="testGetIntReturnsCorrectValue" classname="it.unipi.cross.config.ConfigReaderTest" time="0.003"/>
  <testcase name="testGetIntThrowsIfNotParsable" classname="it.unipi.cross.config.ConfigReaderTest" time="0.01"/>
  <testcase name="testGetIntForMissingKeyReturnsMinusOne" classname="it.unipi.cross.config.ConfigReaderTest" time="0.003"/>
  <testcase name="testGetStringReturnsCorrectValue" classname="it.unipi.cross.config.ConfigReaderTest" time="0.002"/>
  <testcase name="testServerConfigLoad" classname="it.unipi.cross.config.ConfigReaderTest" time="0.003"/>
  <testcase name="testClientConfigLoad" classname="it.unipi.cross.config.ConfigReaderTest" time="0.002"/>
  <testcase name="testGetIntOnEmptyValueReturnsMinusOne" classname="it.unipi.cross.config.ConfigReaderTest" time="0.003"/>
  <testcase name="testGetIntThrowsOnNonInteger" classname="it.unipi.cross.config.ConfigReaderTest" time="0.016"/>
  <testcase name="testMissingConfigThrowsException" classname="it.unipi.cross.config.ConfigReaderTest" time="0.003"/>
  <testcase name="testFileNotFoundThrowsException" classname="it.unipi.cross.config.ConfigReaderTest" time="0.003"/>
</testsuite>